Flow report for AudioRecorder
Thu Nov 21 17:36:18 2013
Quartus II 64-Bit Version 13.0.1 Build 232 06/12/2013 Service Pack 1 SJ Web Edition


---------------------
; Table of Contents ;
---------------------
  1. Legal Notice
  2. Flow Summary
  3. Flow Settings
  4. Flow Non-Default Global Settings
  5. Flow Elapsed Time
  6. Flow OS Summary
  7. Flow Log
  8. Flow Messages
  9. Flow Suppressed Messages



----------------
; Legal Notice ;
----------------
Copyright (C) 1991-2013 Altera Corporation
Your use of Altera Corporation's design tools, logic functions 
and other software and tools, and its AMPP partner logic 
functions, and any output files from any of the foregoing 
(including device programming or simulation files), and any 
associated documentation or information are expressly subject 
to the terms and conditions of the Altera Program License 
Subscription Agreement, Altera MegaCore Function License 
Agreement, or other applicable license agreement, including, 
without limitation, that your use is for the sole purpose of 
programming logic devices manufactured by Altera and sold by 
Altera or its authorized distributors.  Please refer to the 
applicable agreement for further details.



+--------------------------------------------------------------------------------------+
; Flow Summary                                                                         ;
+------------------------------------+-------------------------------------------------+
; Flow Status                        ; Successful - Thu Nov 21 17:36:16 2013           ;
; Quartus II 64-Bit Version          ; 13.0.1 Build 232 06/12/2013 SP 1 SJ Web Edition ;
; Revision Name                      ; AudioRecorder                                   ;
; Top-level Entity Name              ; AudioRecorder                                   ;
; Family                             ; Cyclone II                                      ;
; Device                             ; EP2C35F672C6                                    ;
; Timing Models                      ; Final                                           ;
; Total logic elements               ; 359 / 33,216 ( 1 % )                            ;
;     Total combinational functions  ; 332 / 33,216 ( < 1 % )                          ;
;     Dedicated logic registers      ; 210 / 33,216 ( < 1 % )                          ;
; Total registers                    ; 210                                             ;
; Total pins                         ; 73 / 475 ( 15 % )                               ;
; Total virtual pins                 ; 0                                               ;
; Total memory bits                  ; 0 / 483,840 ( 0 % )                             ;
; Embedded Multiplier 9-bit elements ; 0 / 70 ( 0 % )                                  ;
; Total PLLs                         ; 1 / 4 ( 25 % )                                  ;
+------------------------------------+-------------------------------------------------+


+-----------------------------------------+
; Flow Settings                           ;
+-------------------+---------------------+
; Option            ; Setting             ;
+-------------------+---------------------+
; Start date & time ; 11/21/2013 17:36:02 ;
; Main task         ; Compilation         ;
; Revision Name     ; AudioRecorder       ;
+-------------------+---------------------+


+-----------------------------------------------------------------------------------------------------------------+
; Flow Non-Default Global Settings                                                                                ;
+-------------------------------------+--------------------------------+---------------+-------------+------------+
; Assignment Name                     ; Value                          ; Default Value ; Entity Name ; Section Id ;
+-------------------------------------+--------------------------------+---------------+-------------+------------+
; COMPILER_SIGNATURE_ID               ; 20588562590614.138507336204664 ; --            ; --          ; --         ;
; IP_TOOL_ENV                         ; mwpim                          ; --            ; SRAM        ; --         ;
; IP_TOOL_ENV                         ; mwpim                          ; --            ; SRAM        ; --         ;
; IP_TOOL_NAME                        ; altera_up_avalon_sram          ; --            ; SRAM        ; --         ;
; IP_TOOL_NAME                        ; altera_up_avalon_sram          ; --            ; SRAM        ; --         ;
; IP_TOOL_VERSION                     ; 13.0sp1                        ; --            ; SRAM        ; --         ;
; IP_TOOL_VERSION                     ; 13.0sp1                        ; --            ; SRAM        ; --         ;
; MAX_CORE_JUNCTION_TEMP              ; 85                             ; --            ; --          ; --         ;
; MIN_CORE_JUNCTION_TEMP              ; 0                              ; --            ; --          ; --         ;
; MISC_FILE                           ; SRAM.cmp                       ; --            ; --          ; --         ;
; MISC_FILE                           ; SRAM_sim/SRAM.v                ; --            ; --          ; --         ;
; PARTITION_COLOR                     ; 16764057                       ; --            ; --          ; Top        ;
; PARTITION_FITTER_PRESERVATION_LEVEL ; PLACEMENT_AND_ROUTING          ; --            ; --          ; Top        ;
; PARTITION_NETLIST_TYPE              ; SOURCE                         ; --            ; --          ; Top        ;
; PROJECT_OUTPUT_DIRECTORY            ; output_files                   ; --            ; --          ; --         ;
; SPD_FILE                            ; SRAM.spd                       ; --            ; --          ; --         ;
; SYNTHESIS_ONLY_QIP                  ; On                             ; --            ; --          ; --         ;
; VERILOG_INPUT_VERSION               ; SystemVerilog_2005             ; Verilog_2001  ; --          ; --         ;
; VERILOG_SHOW_LMF_MAPPING_MESSAGES   ; Off                            ; --            ; --          ; --         ;
+-------------------------------------+--------------------------------+---------------+-------------+------------+


+-------------------------------------------------------------------------------------------------------------------------------+
; Flow Elapsed Time                                                                                                             ;
+---------------------------+--------------+-------------------------+---------------------+------------------------------------+
; Module Name               ; Elapsed Time ; Average Processors Used ; Peak Virtual Memory ; Total CPU Time (on all processors) ;
+---------------------------+--------------+-------------------------+---------------------+------------------------------------+
; Analysis & Synthesis      ; 00:00:03     ; 1.0                     ; 456 MB              ; 00:00:02                           ;
; Fitter                    ; 00:00:08     ; 1.0                     ; 665 MB              ; 00:00:07                           ;
; Assembler                 ; 00:00:02     ; 1.0                     ; 426 MB              ; 00:00:02                           ;
; TimeQuest Timing Analyzer ; 00:00:02     ; 1.0                     ; 415 MB              ; 00:00:01                           ;
; Total                     ; 00:00:15     ; --                      ; --                  ; 00:00:12                           ;
+---------------------------+--------------+-------------------------+---------------------+------------------------------------+


+----------------------------------------------------------------------------------------+
; Flow OS Summary                                                                        ;
+---------------------------+------------------+-----------+------------+----------------+
; Module Name               ; Machine Hostname ; OS Name   ; OS Version ; Processor type ;
+---------------------------+------------------+-----------+------------+----------------+
; Analysis & Synthesis      ; Goliath          ; Windows 7 ; 6.2        ; x86_64         ;
; Fitter                    ; Goliath          ; Windows 7 ; 6.2        ; x86_64         ;
; Assembler                 ; Goliath          ; Windows 7 ; 6.2        ; x86_64         ;
; TimeQuest Timing Analyzer ; Goliath          ; Windows 7 ; 6.2        ; x86_64         ;
+---------------------------+------------------+-----------+------------+----------------+


------------
; Flow Log ;
------------
quartus_map --read_settings_files=on --write_settings_files=off AudioRecorder -c AudioRecorder
quartus_fit --read_settings_files=off --write_settings_files=off AudioRecorder -c AudioRecorder
quartus_asm --read_settings_files=off --write_settings_files=off AudioRecorder -c AudioRecorder
quartus_sta AudioRecorder -c AudioRecorder



